0 silly argv {
0 silly argv   _: [ 'run' ],
0 silly argv   stream: true,
0 silly argv   sort: true,
0 silly argv   lernaVersion: '5.4.3',
0 silly argv   '$0': 'lerna',
0 silly argv   script: 'build'
0 silly argv }
1 notice cli v5.4.3
2 verbose rootPath /Users/wuhanyu/WebstormProjects/project/lerna+yarn workspace+monorepo
3 error JSONError: Unexpected token "}" (0x7D) in JSON at position 449 while parsing near "...emo/cli.test.js\",\n  },\n  \"devDependencie..." in packages/cli/package.json
3 error
3 error [0m [90m 22 |[39m   [32m"scripts"[39m[33m:[39m {[0m
3 error [0m [90m 23 |[39m     [32m"test"[39m[33m:[39m [32m"node ./__tests__/@mo-demo/cli.test.js"[39m[33m,[39m[0m
3 error [0m[31m[1m>[22m[39m[90m 24 |[39m   }[33m,[39m[0m
3 error [0m [90m    |[39m   [31m[1m^[22m[39m[0m
3 error [0m [90m 25 |[39m   [32m"devDependencies"[39m[33m:[39m {[0m
3 error [0m [90m 26 |[39m     [32m"chalk"[39m[33m:[39m [32m"^5.0.1"[39m[0m
3 error [0m [90m 27 |[39m   }[0m
3 error
3 error     at parseJson (/Users/wuhanyu/WebstormProjects/project/lerna+yarn workspace+monorepo/node_modules/parse-json/index.js:29:21)
3 error     at parse (/Users/wuhanyu/WebstormProjects/project/lerna+yarn workspace+monorepo/node_modules/load-json-file/index.js:15:9)
3 error     at module.exports (/Users/wuhanyu/WebstormProjects/project/lerna+yarn workspace+monorepo/node_modules/load-json-file/index.js:18:47)
